0 info it worked if it ends with ok
1 verbose cli [ '/Users/toddanderson/local/bin/node',
1 verbose cli   '/Users/toddanderson/local/bin/npm',
1 verbose cli   'run',
1 verbose cli   'server' ]
2 info using npm@1.4.3
3 info using node@v0.10.26
4 verbose run-script [ 'preserver', 'server', 'postserver' ]
5 info preserver gift-giving-analysis@0.1.1
6 info server gift-giving-analysis@0.1.1
7 verbose unsafe-perm in lifecycle true
8 info gift-giving-analysis@0.1.1 Failed to exec server script
9 error gift-giving-analysis@0.1.1 server: `node app/index.js --port=8001 -socketport=8002 --dbhost=54.86.176.185`
9 error Exit status 8
10 error Failed at the gift-giving-analysis@0.1.1 server script.
10 error This is most likely a problem with the gift-giving-analysis package,
10 error not with npm itself.
10 error Tell the author that this fails on your system:
10 error     node app/index.js --port=8001 -socketport=8002 --dbhost=54.86.176.185
10 error You can get their info via:
10 error     npm owner ls gift-giving-analysis
10 error There is likely additional logging output above.
11 error System Darwin 12.5.0
12 error command "/Users/toddanderson/local/bin/node" "/Users/toddanderson/local/bin/npm" "run" "server"
13 error cwd /Users/toddanderson/Repositories/gift-giving-analysis
14 error node -v v0.10.26
15 error npm -v 1.4.3
16 error code ELIFECYCLE
17 verbose exit [ 1, true ]
